<?xml version="1.0" encoding="UTF-8"?>
<!-- Generated by org.testng.reporters.JUnitXMLReporter -->
<testsuite ignored="1" hostname="LAPTOP-RQ2EQQR4" failures="1" tests="1" name="Test" time="8.421" errors="0" timestamp="2025-05-29T12:16:21 IST">
  <testcase classname="testScript.ManageCategoryTest" name="verifyAddCategory" time="4.343">
    <failure type="org.openqa.selenium.InvalidArgumentException" message="invalid argument: File not found : C:\Users\nidhi\eclipse-workspace\7rmartFinalProject\src\test\resources\images.jpg
  (Session info: chrome=136.0.7103.114)
Build info: version: &amp;apos;4.29.0&amp;apos;, revision: &amp;apos;5fc1ec94cb&amp;apos;
System info: os.name: &amp;apos;Windows 11&amp;apos;, os.arch: &amp;apos;amd64&amp;apos;, os.version: &amp;apos;10.0&amp;apos;, java.version: &amp;apos;21.0.6&amp;apos;
Driver info: org.openqa.selenium.chrome.ChromeDriver
Command: [7c4f534571f52af50b0fbbaa3bb15c93, sendKeysToElement {value=[Ljava.lang.CharSequence;@17e427b6, id=f.A17DFF44956F15816BDDE1F3588DBC9F.d.51AA3C06AE7934A5A7523CD0528AB824.e.95}]
Capabilities {acceptInsecureCerts: false, browserName: chrome, browserVersion: 136.0.7103.114, chrome: {chromedriverVersion: 136.0.7103.113 (76fa3c17824..., userDataDir: C:\Users\nidhi\AppData\Loca...}, fedcm:accounts: true, goog:chromeOptions: {debuggerAddress: localhost:59504}, networkConnectionEnabled: false, pageLoadStrategy: normal, platformName: windows, proxy: Proxy(), se:cdp: ws://localhost:59504/devtoo..., se:cdpVersion: 136.0.7103.114, setWindowRect: true, strictFileInteractability: false, timeouts: {implicit: 0, pageLoad: 300000, script: 30000}, unhandledPromptBehavior: dismiss and notify, webauthn:extension:credBlob: true, webauthn:extension:largeBlob: true, webauthn:extension:minPinLength: true, webauthn:extension:prf: true, webauthn:virtualAuthenticators: true}
Element: [[ChromeDriver: chrome on windows (7c4f534571f52af50b0fbbaa3bb15c93)] -&amp;gt; xpath: //input[@id=&amp;apos;main_img&amp;apos;]]
Session ID: 7c4f534571f52af50b0fbbaa3bb15c93">
      <![CDATA[org.openqa.selenium.InvalidArgumentException: invalid argument: File not found : C:\Users\nidhi\eclipse-workspace\7rmartFinalProject\src\test\resources\images.jpg
  (Session info: chrome=136.0.7103.114)
Build info: version: '4.29.0', revision: '5fc1ec94cb'
System info: os.name: 'Windows 11', os.arch: 'amd64', os.version: '10.0', java.version: '21.0.6'
Driver info: org.openqa.selenium.chrome.ChromeDriver
Command: [7c4f534571f52af50b0fbbaa3bb15c93, sendKeysToElement {value=[Ljava.lang.CharSequence;@17e427b6, id=f.A17DFF44956F15816BDDE1F3588DBC9F.d.51AA3C06AE7934A5A7523CD0528AB824.e.95}]
Capabilities {acceptInsecureCerts: false, browserName: chrome, browserVersion: 136.0.7103.114, chrome: {chromedriverVersion: 136.0.7103.113 (76fa3c17824..., userDataDir: C:\Users\nidhi\AppData\Loca...}, fedcm:accounts: true, goog:chromeOptions: {debuggerAddress: localhost:59504}, networkConnectionEnabled: false, pageLoadStrategy: normal, platformName: windows, proxy: Proxy(), se:cdp: ws://localhost:59504/devtoo..., se:cdpVersion: 136.0.7103.114, setWindowRect: true, strictFileInteractability: false, timeouts: {implicit: 0, pageLoad: 300000, script: 30000}, unhandledPromptBehavior: dismiss and notify, webauthn:extension:credBlob: true, webauthn:extension:largeBlob: true, webauthn:extension:minPinLength: true, webauthn:extension:prf: true, webauthn:virtualAuthenticators: true}
Element: [[ChromeDriver: chrome on windows (7c4f534571f52af50b0fbbaa3bb15c93)] -> xpath: //input[@id='main_img']]
Session ID: 7c4f534571f52af50b0fbbaa3bb15c93
at org.openqa.selenium.remote.ErrorCodec.decode(ErrorCodec.java:167)
at org.openqa.selenium.remote.codec.w3c.W3CHttpResponseCodec.decode(W3CHttpResponseCodec.java:138)
at org.openqa.selenium.remote.codec.w3c.W3CHttpResponseCodec.decode(W3CHttpResponseCodec.java:50)
at org.openqa.selenium.remote.HttpCommandExecutor.execute(HttpCommandExecutor.java:215)
at org.openqa.selenium.remote.service.DriverCommandExecutor.invokeExecute(DriverCommandExecutor.java:216)
at org.openqa.selenium.remote.service.DriverCommandExecutor.execute(DriverCommandExecutor.java:174)
at org.openqa.selenium.remote.RemoteWebDriver.execute(RemoteWebDriver.java:545)
at org.openqa.selenium.remote.RemoteWebElement.execute(RemoteWebElement.java:223)
at org.openqa.selenium.remote.RemoteWebElement.sendKeys(RemoteWebElement.java:110)
at org.openqa.selenium.support.pagefactory.internal.LocatingElementHandler.invoke(LocatingElementHandler.java:51)
at jdk.proxy2/jdk.proxy2.$Proxy15.sendKeys(Unknown Source)
at pages.ManageCategoryPage.uploadImage(ManageCategoryPage.java:51)
at testScript.ManageCategoryTest.verifyAddCategory(ManageCategoryTest.java:33)
at java.base/java.util.ArrayList.forEach(ArrayList.java:1596)
... Removed 30 stack frames]]>
    </failure>
  </testcase> <!-- verifyAddCategory -->
  <testcase classname="testScript.ManageCategoryTest" name="verifySearchCategory" time="0.0">
    <ignored/>
  </testcase> <!-- verifySearchCategory -->
</testsuite> <!-- Test -->
